(20-04-2021 14:09:37) [init] CoraBot v2.0.0
(20-04-2021 14:09:37) [init] Initialising bot systems...
(20-04-2021 14:09:37) [debug] prefix = c (string)
(20-04-2021 14:09:37) [debug] debug = false (boolean)
(20-04-2021 14:09:37) [debug] enabled = null (null)
(20-04-2021 14:09:37) [debug] port = 3000 (number)
(20-04-2021 14:09:37) [debug] logChannels = 827227156500709426, ignoredChannels = 792689542774915103,783465849662865428,768581581543571477
(20-04-2021 14:09:37) [debug] Loaded config successfully!
(20-04-2021 14:09:37) [debug] Set clientName as corabot-discord for this session.
(20-04-2021 14:09:37) [debug] Loaded process environment variables!
(20-04-2021 14:09:37) [init] Loading bot assets...
(20-04-2021 14:09:37) [debug] Loaded activities from activities.json
(20-04-2021 14:09:37) [debug] Loaded responses from responses.json
(20-04-2021 14:09:37) [debug] Loaded crashReporter functions from crashReporter.js
(20-04-2021 14:09:39) [debug] ============================================
(20-04-2021 14:09:39) [debug] Auto Moderator [ENABLED]
(20-04-2021 14:09:39) [debug] --------------------------------------------
(20-04-2021 14:09:39) [debug] WARNING! This is an experimental feature!
(20-04-2021 14:09:39) [debug] It may have weird effects on text channels.
(20-04-2021 14:09:39) [debug] --------------------------------------------
(20-04-2021 14:09:39) [debug] removeGifs [ENABLED]
(20-04-2021 14:09:39) [debug] removeImgs [DISABLED] (EXPERIMENTAL)
(20-04-2021 14:09:39) [debug] removeVids [DISABLED] (EXPERIMENTAL)
(20-04-2021 14:09:39) [debug] removeURLs [ENABLED]
(20-04-2021 14:09:39) [debug] --------------------------------------------
(20-04-2021 14:09:39) [debug] Options marked (EXPERIMENTAL) are very WIP.
(20-04-2021 14:09:39) [debug] ============================================
(20-04-2021 14:09:39) [init] Connecting to Discord...
(20-04-2021 14:09:39) [debug] Awaiting for Discord API response...
(20-04-2021 14:09:39) [info] Logged in as Cora Belle Lynx#6132!
(20-04-2021 14:09:39) [data] Bot User ID: 438405774767554570
